<?xml version="1.0" encoding="UTF-8"?>
<robot generator="Robot 6.0.2 (Python 3.10.5 on win32)" generated="20230508 14:54:29.072" rpa="false" schemaversion="3">
<suite id="s1" name="Api Testing Usuarios" source="c:\Users\peniel.araujo\Documents\Estudos spreads\RobotFramework\ApiTesting\tests\api_testing_usuarios.robot">
<test id="s1-t1" name="Cenário 04: Logar com o novo usuário criado" line="23">
<kw name="Criar um usuário novo" library="api_testing_usuarios">
<kw name="Generate Random String" library="String">
<var>${palavra_aleatoria}</var>
<arg>length=4</arg>
<arg>chars=[LETTERS]</arg>
<doc>Generates a string with a desired ``length`` from the given ``chars``.</doc>
<msg timestamp="20230508 14:54:29.224" level="INFO">${palavra_aleatoria} = GwuB</msg>
<status status="PASS" starttime="20230508 14:54:29.224" endtime="20230508 14:54:29.228"/>
</kw>
<kw name="Convert To Lower Case" library="String">
<var>${palavra_aleatoria}</var>
<arg>${palavra_aleatoria}</arg>
<doc>Converts string to lower case.</doc>
<msg timestamp="20230508 14:54:29.229" level="INFO">${palavra_aleatoria} = gwub</msg>
<status status="PASS" starttime="20230508 14:54:29.228" endtime="20230508 14:54:29.229"/>
</kw>
<kw name="Set Test Variable" library="BuiltIn">
<arg>${EMAIL_TESTE}</arg>
<arg>${palavra_aleatoria}@emailteste.com</arg>
<doc>Makes a variable available everywhere within the scope of the current test.</doc>
<msg timestamp="20230508 14:54:29.230" level="INFO">${EMAIL_TESTE} = gwub@emailteste.com</msg>
<status status="PASS" starttime="20230508 14:54:29.229" endtime="20230508 14:54:29.231"/>
</kw>
<kw name="Log" library="BuiltIn">
<arg>${EMAIL_TESTE}</arg>
<doc>Logs the given message with the given level.</doc>
<msg timestamp="20230508 14:54:29.231" level="INFO">gwub@emailteste.com</msg>
<status status="PASS" starttime="20230508 14:54:29.231" endtime="20230508 14:54:29.231"/>
</kw>
<status status="PASS" starttime="20230508 14:54:29.223" endtime="20230508 14:54:29.231"/>
</kw>
<kw name="Cadastrar o usuário criado na ServeRest" library="api_testing_usuarios">
<arg>email=${EMAIL_TESTE}</arg>
<arg>status_code_desejado=201</arg>
<kw name="Create Dictionary" library="BuiltIn">
<var>${body}</var>
<arg>nome=Fulano da Silva</arg>
<arg>email=${email}</arg>
<arg>password=1234</arg>
<arg>administrador=true</arg>
<doc>Creates and returns a dictionary based on the given ``items``.</doc>
<msg timestamp="20230508 14:54:29.233" level="INFO">${body} = {'nome': 'Fulano da Silva', 'email': 'gwub@emailteste.com', 'password': '1234', 'administrador': 'true'}</msg>
<status status="PASS" starttime="20230508 14:54:29.232" endtime="20230508 14:54:29.233"/>
</kw>
<kw name="Log" library="BuiltIn">
<arg>${body}</arg>
<doc>Logs the given message with the given level.</doc>
<msg timestamp="20230508 14:54:29.233" level="INFO">{'nome': 'Fulano da Silva', 'email': 'gwub@emailteste.com', 'password': '1234', 'administrador': 'true'}</msg>
<status status="PASS" starttime="20230508 14:54:29.233" endtime="20230508 14:54:29.233"/>
</kw>
<kw name="Criar Sessão na ServeRest" library="api_testing_usuarios">
<kw name="Create Dictionary" library="BuiltIn">
<var>${headers}</var>
<arg>accept=application/json</arg>
<arg>Content-Type=application/json</arg>
<doc>Creates and returns a dictionary based on the given ``items``.</doc>
<msg timestamp="20230508 14:54:29.235" level="INFO">${headers} = {'accept': 'application/json', 'Content-Type': 'application/json'}</msg>
<status status="PASS" starttime="20230508 14:54:29.235" endtime="20230508 14:54:29.235"/>
</kw>
<kw name="Create Session" library="RequestsLibrary">
<arg>alias=ServeRest</arg>
<arg>url=https://serverest.dev</arg>
<arg>headers=${headers}</arg>
<doc>Create Session: create a HTTP session to a server</doc>
<msg timestamp="20230508 14:54:29.235" level="INFO">Creating Session using : alias=ServeRest, url=https://serverest.dev, headers={'accept': 'application/json', 'Content-Type': 'application/json'},                     cookies={}, auth=None, timeout=None, proxies=None, verify=False,                     debug=0 </msg>
<status status="PASS" starttime="20230508 14:54:29.235" endtime="20230508 14:54:29.236"/>
</kw>
<status status="PASS" starttime="20230508 14:54:29.233" endtime="20230508 14:54:29.236"/>
</kw>
<kw name="POST On Session" library="RequestsLibrary">
<var>${resposta}</var>
<arg>alias=ServeRest</arg>
<arg>url=/usuarios</arg>
<arg>json=${body}</arg>
<arg>expected_status=${status_code_desejado}</arg>
<doc>Sends a POST request on a previously created HTTP Session.</doc>
<msg timestamp="20230508 14:54:29.618" level="INFO">POST Request : url=https://serverest.dev/usuarios 
 path_url=/usuarios 
 headers={'User-Agent': 'python-requests/2.28.1', 'Accept-Encoding': 'gzip, deflate', 'accept': 'application/json', 'Connection': 'keep-alive', 'Content-Type': 'application/json', 'Content-Length': '104'} 
 body=b'{"nome": "Fulano da Silva", "email": "gwub@emailteste.com", "password": "1234", "administrador": "true"}' 
 </msg>
<msg timestamp="20230508 14:54:29.618" level="INFO">POST Response : url=https://serverest.dev/usuarios 
 status=201, reason=Created 
 headers={'access-control-allow-origin': '*', 'x-dns-prefetch-control': 'off', 'x-frame-options': 'SAMEORIGIN', 'strict-transport-security': 'max-age=15552000; includeSubDomains', 'x-download-options': 'noopen', 'x-content-type-options': 'nosniff', 'x-xss-protection': '1; mode=block', 'x-moesif-transaction-id': 'f0891362-2f65-4b03-b6d6-eda391cac4e8', 'content-type': 'application/json; charset=utf-8', 'X-Cloud-Trace-Context': 'b239c8448f198bf587ae4289291ee8ca;o=1', 'Date': 'Mon, 08 May 2023 17:54:29 GMT', 'Server': 'Google Frontend', 'Content-Length': '82'} 
 body={
    "message": "Cadastro realizado com sucesso",
    "_id": "o52GyQrjLqb8K5p9"
} 
 </msg>
<msg timestamp="20230508 14:54:29.619" level="INFO">C:\Python310\lib\site-packages\urllib3\connectionpool.py:1045: InsecureRequestWarning: Unverified HTTPS request is being made to host 'serverest.dev'. Adding certificate verification is strongly advised. See: https://urllib3.readthedocs.io/en/1.26.x/advanced-usage.html#ssl-warnings
  warnings.warn(</msg>
<msg timestamp="20230508 14:54:29.620" level="INFO">${resposta} = &lt;Response [201]&gt;</msg>
<status status="PASS" starttime="20230508 14:54:29.237" endtime="20230508 14:54:29.621"/>
</kw>
<kw name="Log" library="BuiltIn">
<arg>${resposta.json()}</arg>
<doc>Logs the given message with the given level.</doc>
<msg timestamp="20230508 14:54:29.622" level="INFO">{'message': 'Cadastro realizado com sucesso', '_id': 'o52GyQrjLqb8K5p9'}</msg>
<status status="PASS" starttime="20230508 14:54:29.621" endtime="20230508 14:54:29.622"/>
</kw>
<if>
<branch type="IF" condition="${resposta.status_code} == 201">
<kw name="Set Test Variable" library="BuiltIn">
<arg>${ID_USUARIO}</arg>
<arg>${resposta.json()["_id"]}</arg>
<doc>Makes a variable available everywhere within the scope of the current test.</doc>
<msg timestamp="20230508 14:54:29.625" level="INFO">${ID_USUARIO} = o52GyQrjLqb8K5p9</msg>
<status status="PASS" starttime="20230508 14:54:29.624" endtime="20230508 14:54:29.625"/>
</kw>
<status status="PASS" starttime="20230508 14:54:29.624" endtime="20230508 14:54:29.625"/>
</branch>
<status status="PASS" starttime="20230508 14:54:29.624" endtime="20230508 14:54:29.625"/>
</if>
<kw name="Set Test Variable" library="BuiltIn">
<arg>${RESPOSTA}</arg>
<arg>${resposta.json()}</arg>
<doc>Makes a variable available everywhere within the scope of the current test.</doc>
<msg timestamp="20230508 14:54:29.626" level="INFO">${RESPOSTA} = {'message': 'Cadastro realizado com sucesso', '_id': 'o52GyQrjLqb8K5p9'}</msg>
<status status="PASS" starttime="20230508 14:54:29.625" endtime="20230508 14:54:29.626"/>
</kw>
<status status="PASS" starttime="20230508 14:54:29.232" endtime="20230508 14:54:29.626"/>
</kw>
<kw name="Realizar Login com o usuário" library="api_testing_usuarios">
<kw name="Create Dictionary" library="BuiltIn">
<var>${body}</var>
<arg>email=${EMAIL_TESTE}</arg>
<arg>password=1234</arg>
<doc>Creates and returns a dictionary based on the given ``items``.</doc>
<msg timestamp="20230508 14:54:29.627" level="INFO">${body} = {'email': 'gwub@emailteste.com', 'password': '1234'}</msg>
<status status="PASS" starttime="20230508 14:54:29.626" endtime="20230508 14:54:29.627"/>
</kw>
<kw name="Criar Sessão na ServeRest" library="api_testing_usuarios">
<kw name="Create Dictionary" library="BuiltIn">
<var>${headers}</var>
<arg>accept=application/json</arg>
<arg>Content-Type=application/json</arg>
<doc>Creates and returns a dictionary based on the given ``items``.</doc>
<msg timestamp="20230508 14:54:29.628" level="INFO">${headers} = {'accept': 'application/json', 'Content-Type': 'application/json'}</msg>
<status status="PASS" starttime="20230508 14:54:29.627" endtime="20230508 14:54:29.628"/>
</kw>
<kw name="Create Session" library="RequestsLibrary">
<arg>alias=ServeRest</arg>
<arg>url=https://serverest.dev</arg>
<arg>headers=${headers}</arg>
<doc>Create Session: create a HTTP session to a server</doc>
<msg timestamp="20230508 14:54:29.628" level="INFO">Creating Session using : alias=ServeRest, url=https://serverest.dev, headers={'accept': 'application/json', 'Content-Type': 'application/json'},                     cookies={}, auth=None, timeout=None, proxies=None, verify=False,                     debug=0 </msg>
<status status="PASS" starttime="20230508 14:54:29.628" endtime="20230508 14:54:29.628"/>
</kw>
<status status="PASS" starttime="20230508 14:54:29.627" endtime="20230508 14:54:29.628"/>
</kw>
<kw name="POST On Session" library="RequestsLibrary">
<var>${resposta}</var>
<arg>alias=ServeRest</arg>
<arg>url=/login</arg>
<arg>json=${body}</arg>
<arg>expected_status=200</arg>
<doc>Sends a POST request on a previously created HTTP Session.</doc>
<msg timestamp="20230508 14:54:29.984" level="INFO">POST Request : url=https://serverest.dev/login 
 path_url=/login 
 headers={'User-Agent': 'python-requests/2.28.1', 'Accept-Encoding': 'gzip, deflate', 'accept': 'application/json', 'Connection': 'keep-alive', 'Content-Type': 'application/json', 'Content-Length': '52'} 
 body=b'{"email": "gwub@emailteste.com", "password": "1234"}' 
 </msg>
<msg timestamp="20230508 14:54:29.985" level="INFO">POST Response : url=https://serverest.dev/login 
 status=200, reason=OK 
 headers={'access-control-allow-origin': '*', 'x-dns-prefetch-control': 'off', 'x-frame-options': 'SAMEORIGIN', 'strict-transport-security': 'max-age=15552000; includeSubDomains', 'x-download-options': 'noopen', 'x-content-type-options': 'nosniff', 'x-xss-protection': '1; mode=block', 'x-moesif-transaction-id': '3277e884-61c2-4986-9fe0-cad943228c42', 'content-type': 'application/json; charset=utf-8', 'X-Cloud-Trace-Context': '8c71185f1d5a71d1c1ca3448369abd11', 'Date': 'Mon, 08 May 2023 17:54:29 GMT', 'Server': 'Google Frontend', 'Content-Length': '272'} 
 body={
    "message": "Login realizado com sucesso",
    "authorization": "Bearer eyJhbGciOiJIUzI1NiIsInR5cCI6IkpXVCJ9.eyJlbWFpbCI6Imd3dWJAZW1haWx0ZXN0ZS5jb20iLCJwYXNzd29yZCI6IjEyMzQiLCJpYXQiOjE2ODM1Njg0NjksImV4cCI6MTY4MzU2OTA2OX0.YsrXJVJakHziv7FIoUGeMwEi8S3hcHTy_HZUvoKgfPg"
} 
 </msg>
<msg timestamp="20230508 14:54:29.986" level="INFO">C:\Python310\lib\site-packages\urllib3\connectionpool.py:1045: InsecureRequestWarning: Unverified HTTPS request is being made to host 'serverest.dev'. Adding certificate verification is strongly advised. See: https://urllib3.readthedocs.io/en/1.26.x/advanced-usage.html#ssl-warnings
  warnings.warn(</msg>
<msg timestamp="20230508 14:54:29.988" level="INFO">${resposta} = &lt;Response [200]&gt;</msg>
<status status="PASS" starttime="20230508 14:54:29.628" endtime="20230508 14:54:29.989"/>
</kw>
<kw name="Set Test Variable" library="BuiltIn">
<arg>${RESPOSTA}</arg>
<arg>${resposta.json()}</arg>
<doc>Makes a variable available everywhere within the scope of the current test.</doc>
<msg timestamp="20230508 14:54:29.991" level="INFO">${RESPOSTA} = {'message': 'Login realizado com sucesso', 'authorization': 'Bearer eyJhbGciOiJIUzI1NiIsInR5cCI6IkpXVCJ9.eyJlbWFpbCI6Imd3dWJAZW1haWx0ZXN0ZS5jb20iLCJwYXNzd29yZCI6IjEyMzQiLCJpYXQiOjE2ODM1Njg0NjksImV4cCI...</msg>
<status status="PASS" starttime="20230508 14:54:29.989" endtime="20230508 14:54:29.991"/>
</kw>
<status status="PASS" starttime="20230508 14:54:29.626" endtime="20230508 14:54:29.991"/>
</kw>
<kw name="Conferir se o Login ocorreu com sucesso" library="api_testing_usuarios">
<kw name="Log" library="BuiltIn">
<arg>${RESPOSTA}</arg>
<doc>Logs the given message with the given level.</doc>
<msg timestamp="20230508 14:54:29.994" level="INFO">{'message': 'Login realizado com sucesso', 'authorization': 'Bearer eyJhbGciOiJIUzI1NiIsInR5cCI6IkpXVCJ9.eyJlbWFpbCI6Imd3dWJAZW1haWx0ZXN0ZS5jb20iLCJwYXNzd29yZCI6IjEyMzQiLCJpYXQiOjE2ODM1Njg0NjksImV4cCI6MTY4MzU2OTA2OX0.YsrXJVJakHziv7FIoUGeMwEi8S3hcHTy_HZUvoKgfPg'}</msg>
<status status="PASS" starttime="20230508 14:54:29.993" endtime="20230508 14:54:29.994"/>
</kw>
<kw name="Dictionary Should Contain Item" library="Collections">
<arg>${RESPOSTA}</arg>
<arg>message</arg>
<arg>Login realizado com sucesso</arg>
<doc>An item of ``key`` / ``value`` must be found in a ``dictionary``.</doc>
<status status="PASS" starttime="20230508 14:54:29.994" endtime="20230508 14:54:29.995"/>
</kw>
<kw name="Dictionary Should Contain Key" library="Collections">
<arg>${RESPOSTA}</arg>
<arg>authorization</arg>
<doc>Fails if ``key`` is not found from ``dictionary``.</doc>
<status status="PASS" starttime="20230508 14:54:29.995" endtime="20230508 14:54:29.995"/>
</kw>
<status status="PASS" starttime="20230508 14:54:29.992" endtime="20230508 14:54:29.995"/>
</kw>
<status status="PASS" starttime="20230508 14:54:29.222" endtime="20230508 14:54:29.996"/>
</test>
<status status="PASS" starttime="20230508 14:54:29.078" endtime="20230508 14:54:29.998"/>
</suite>
<statistics>
<total>
<stat pass="1" fail="0" skip="0">All Tests</stat>
</total>
<tag>
</tag>
<suite>
<stat pass="1" fail="0" skip="0" id="s1" name="Api Testing Usuarios">Api Testing Usuarios</stat>
</suite>
</statistics>
<errors>
</errors>
</robot>
