<?xml version="1.0" encoding="UTF-8"?>
<robot generator="Robot 6.0.2 (Python 3.10.5 on win32)" generated="20230508 11:46:14.780" rpa="false" schemaversion="3">
<suite id="s1" name="Api Testing Usuarios" source="c:\Users\peniel.araujo\Documents\Estudos spreads\RobotFramework\ApiTesting\tests\api_testing_usuarios.robot">
<test id="s1-t1" name="Cenário 01: Cadastrar um novo usuário com sucesso na ServeRest" line="6">
<kw name="Criar um usuário novo" library="api_testing_usuarios">
<kw name="Generate Random String" library="String">
<var>${palavra_aleatoria}</var>
<arg>length=4</arg>
<arg>chars=[LETTERS]</arg>
<doc>Generates a string with a desired ``length`` from the given ``chars``.</doc>
<msg timestamp="20230508 11:46:14.968" level="INFO">${palavra_aleatoria} = RdOT</msg>
<status status="PASS" starttime="20230508 11:46:14.967" endtime="20230508 11:46:14.974"/>
</kw>
<kw name="Convert To Lower Case" library="String">
<var>${palavra_aleatoria}</var>
<arg>${palavra_aleatoria}</arg>
<doc>Converts string to lower case.</doc>
<msg timestamp="20230508 11:46:14.976" level="INFO">${palavra_aleatoria} = rdot</msg>
<status status="PASS" starttime="20230508 11:46:14.975" endtime="20230508 11:46:14.976"/>
</kw>
<kw name="Set Test Variable" library="BuiltIn">
<arg>${EMAIL_TESTE}</arg>
<arg>${palavra_aleatoria}@emailteste.com</arg>
<doc>Makes a variable available everywhere within the scope of the current test.</doc>
<msg timestamp="20230508 11:46:14.977" level="INFO">${EMAIL_TESTE} = rdot@emailteste.com</msg>
<status status="PASS" starttime="20230508 11:46:14.976" endtime="20230508 11:46:14.978"/>
</kw>
<kw name="Log" library="BuiltIn">
<arg>${EMAIL_TESTE}</arg>
<doc>Logs the given message with the given level.</doc>
<msg timestamp="20230508 11:46:14.979" level="INFO">rdot@emailteste.com</msg>
<status status="PASS" starttime="20230508 11:46:14.978" endtime="20230508 11:46:14.979"/>
</kw>
<status status="PASS" starttime="20230508 11:46:14.967" endtime="20230508 11:46:14.979"/>
</kw>
<kw name="Cadastrar o usuário criado na ServeRest" library="api_testing_usuarios">
<arg>email=${EMAIL_TESTE}</arg>
<arg>status_code_desejado=201</arg>
<kw name="Create Dictionary" library="BuiltIn">
<var>${body}</var>
<arg>nome=Fulano da Silva</arg>
<arg>email=${email}</arg>
<arg>password=1234</arg>
<arg>administrador=true</arg>
<doc>Creates and returns a dictionary based on the given ``items``.</doc>
<msg timestamp="20230508 11:46:14.981" level="INFO">${body} = {'nome': 'Fulano da Silva', 'email': 'rdot@emailteste.com', 'password': '1234', 'administrador': 'true'}</msg>
<status status="PASS" starttime="20230508 11:46:14.980" endtime="20230508 11:46:14.981"/>
</kw>
<kw name="Log" library="BuiltIn">
<arg>${body}</arg>
<doc>Logs the given message with the given level.</doc>
<msg timestamp="20230508 11:46:14.983" level="INFO">{'nome': 'Fulano da Silva', 'email': 'rdot@emailteste.com', 'password': '1234', 'administrador': 'true'}</msg>
<status status="PASS" starttime="20230508 11:46:14.982" endtime="20230508 11:46:14.983"/>
</kw>
<kw name="Criar Sessão na ServeRest" library="api_testing_usuarios">
<kw name="Create Dictionary" library="BuiltIn">
<var>${headers}</var>
<arg>accept=application/json</arg>
<arg>Content-Type=application/json</arg>
<doc>Creates and returns a dictionary based on the given ``items``.</doc>
<msg timestamp="20230508 11:46:14.984" level="INFO">${headers} = {'accept': 'application/json', 'Content-Type': 'application/json'}</msg>
<status status="PASS" starttime="20230508 11:46:14.984" endtime="20230508 11:46:14.984"/>
</kw>
<kw name="Create Session" library="RequestsLibrary">
<arg>alias=ServeRest</arg>
<arg>url=https://serverest.dev</arg>
<arg>headers=${headers}</arg>
<doc>Create Session: create a HTTP session to a server</doc>
<msg timestamp="20230508 11:46:14.985" level="INFO">Creating Session using : alias=ServeRest, url=https://serverest.dev, headers={'accept': 'application/json', 'Content-Type': 'application/json'},                     cookies={}, auth=None, timeout=None, proxies=None, verify=False,                     debug=0 </msg>
<status status="PASS" starttime="20230508 11:46:14.984" endtime="20230508 11:46:14.986"/>
</kw>
<status status="PASS" starttime="20230508 11:46:14.983" endtime="20230508 11:46:14.986"/>
</kw>
<kw name="POST On Session" library="RequestsLibrary">
<var>${resposta}</var>
<arg>alias=ServeRest</arg>
<arg>url=/usuarios</arg>
<arg>json=${body}</arg>
<arg>expected_status=${status_code_desejado}</arg>
<doc>Sends a POST request on a previously created HTTP Session.</doc>
<msg timestamp="20230508 11:46:15.626" level="INFO">POST Request : url=https://serverest.dev/usuarios 
 path_url=/usuarios 
 headers={'User-Agent': 'python-requests/2.28.1', 'Accept-Encoding': 'gzip, deflate', 'accept': 'application/json', 'Connection': 'keep-alive', 'Content-Type': 'application/json', 'Content-Length': '104'} 
 body=b'{"nome": "Fulano da Silva", "email": "rdot@emailteste.com", "password": "1234", "administrador": "true"}' 
 </msg>
<msg timestamp="20230508 11:46:15.626" level="INFO">POST Response : url=https://serverest.dev/usuarios 
 status=201, reason=Created 
 headers={'access-control-allow-origin': '*', 'x-dns-prefetch-control': 'off', 'x-frame-options': 'SAMEORIGIN', 'strict-transport-security': 'max-age=15552000; includeSubDomains', 'x-download-options': 'noopen', 'x-content-type-options': 'nosniff', 'x-xss-protection': '1; mode=block', 'x-moesif-transaction-id': '0b0328db-4d06-4e46-9a27-5aca5d8e9c6e', 'content-type': 'application/json; charset=utf-8', 'X-Cloud-Trace-Context': '76f3faacbdd03b779ad61bc1157496c3;o=1', 'Date': 'Mon, 08 May 2023 14:46:15 GMT', 'Server': 'Google Frontend', 'Content-Length': '82'} 
 body={
    "message": "Cadastro realizado com sucesso",
    "_id": "2t50wXOdUmjHN8s0"
} 
 </msg>
<msg timestamp="20230508 11:46:15.626" level="INFO">C:\Python310\lib\site-packages\urllib3\connectionpool.py:1045: InsecureRequestWarning: Unverified HTTPS request is being made to host 'serverest.dev'. Adding certificate verification is strongly advised. See: https://urllib3.readthedocs.io/en/1.26.x/advanced-usage.html#ssl-warnings
  warnings.warn(</msg>
<msg timestamp="20230508 11:46:15.628" level="INFO">${resposta} = &lt;Response [201]&gt;</msg>
<status status="PASS" starttime="20230508 11:46:14.986" endtime="20230508 11:46:15.628"/>
</kw>
<kw name="Log" library="BuiltIn">
<arg>${resposta.json()}</arg>
<doc>Logs the given message with the given level.</doc>
<msg timestamp="20230508 11:46:15.629" level="INFO">{'message': 'Cadastro realizado com sucesso', '_id': '2t50wXOdUmjHN8s0'}</msg>
<status status="PASS" starttime="20230508 11:46:15.628" endtime="20230508 11:46:15.629"/>
</kw>
<if>
<branch type="IF" condition="${resposta.status_code} == 201">
<kw name="Set Test Variable" library="BuiltIn">
<arg>${ID_USUARIO}</arg>
<arg>${resposta.json()["_id"]}</arg>
<doc>Makes a variable available everywhere within the scope of the current test.</doc>
<msg timestamp="20230508 11:46:15.631" level="INFO">${ID_USUARIO} = 2t50wXOdUmjHN8s0</msg>
<status status="PASS" starttime="20230508 11:46:15.630" endtime="20230508 11:46:15.631"/>
</kw>
<status status="PASS" starttime="20230508 11:46:15.629" endtime="20230508 11:46:15.631"/>
</branch>
<status status="PASS" starttime="20230508 11:46:15.629" endtime="20230508 11:46:15.631"/>
</if>
<kw name="Set Test Variable" library="BuiltIn">
<arg>${RESPOSTA}</arg>
<arg>${resposta.json()}</arg>
<doc>Makes a variable available everywhere within the scope of the current test.</doc>
<msg timestamp="20230508 11:46:15.632" level="INFO">${RESPOSTA} = {'message': 'Cadastro realizado com sucesso', '_id': '2t50wXOdUmjHN8s0'}</msg>
<status status="PASS" starttime="20230508 11:46:15.631" endtime="20230508 11:46:15.632"/>
</kw>
<status status="PASS" starttime="20230508 11:46:14.980" endtime="20230508 11:46:15.632"/>
</kw>
<kw name="Conferir se o usuário foi cadastrado corretamente" library="api_testing_usuarios">
<kw name="Log" library="BuiltIn">
<arg>${RESPOSTA}</arg>
<doc>Logs the given message with the given level.</doc>
<msg timestamp="20230508 11:46:15.633" level="INFO">{'message': 'Cadastro realizado com sucesso', '_id': '2t50wXOdUmjHN8s0'}</msg>
<status status="PASS" starttime="20230508 11:46:15.633" endtime="20230508 11:46:15.633"/>
</kw>
<kw name="Dictionary Should Contain Item" library="Collections">
<arg>${RESPOSTA}</arg>
<arg>message</arg>
<arg>Cadastro realizado com sucesso</arg>
<doc>An item of ``key`` / ``value`` must be found in a ``dictionary``.</doc>
<status status="PASS" starttime="20230508 11:46:15.633" endtime="20230508 11:46:15.633"/>
</kw>
<kw name="Dictionary Should Contain Key" library="Collections">
<arg>${RESPOSTA}</arg>
<arg>_id</arg>
<doc>Fails if ``key`` is not found from ``dictionary``.</doc>
<status status="PASS" starttime="20230508 11:46:15.634" endtime="20230508 11:46:15.634"/>
</kw>
<status status="PASS" starttime="20230508 11:46:15.632" endtime="20230508 11:46:15.634"/>
</kw>
<status status="PASS" starttime="20230508 11:46:14.966" endtime="20230508 11:46:15.635"/>
</test>
<status status="PASS" starttime="20230508 11:46:14.789" endtime="20230508 11:46:15.636"/>
</suite>
<statistics>
<total>
<stat pass="1" fail="0" skip="0">All Tests</stat>
</total>
<tag>
</tag>
<suite>
<stat pass="1" fail="0" skip="0" id="s1" name="Api Testing Usuarios">Api Testing Usuarios</stat>
</suite>
</statistics>
<errors>
</errors>
</robot>
